<?xml version="1.0" encoding="UTF-8"?>
<coverage generated="1631534454">
  <project timestamp="1631534454">
    <file name="/srv/api/src/Controller/UserController.php">
      <class name="App\Controller\UserController" namespace="global">
        <metrics complexity="2" methods="2" coveredmethods="0" conditionals="0" coveredconditionals="0" statements="2" coveredstatements="0" elements="4" coveredelements="0"/>
      </class>
      <line num="24" type="method" name="login" visibility="public" complexity="1" crap="2" count="0"/>
      <line num="26" type="stmt" count="0"/>
      <line num="33" type="method" name="logout" visibility="public" complexity="1" crap="2" count="0"/>
      <line num="35" type="stmt" count="0"/>
      <metrics loc="37" ncloc="25" classes="1" methods="2" coveredmethods="0" conditionals="0" coveredconditionals="0" statements="2" coveredstatements="0" elements="4" coveredelements="0"/>
    </file>
    <file name="/srv/api/src/DataFixtures/AppFixtures.php">
      <class name="App\DataFixtures\AppFixtures" namespace="global">
        <metrics complexity="3" methods="2" coveredmethods="0" conditionals="0" coveredconditionals="0" statements="7" coveredstatements="0" elements="9" coveredelements="0"/>
      </class>
      <line num="15" type="method" name="__construct" visibility="public" complexity="1" crap="2" count="0"/>
      <line num="17" type="stmt" count="0"/>
      <line num="18" type="stmt" count="0"/>
      <line num="19" type="stmt" count="0"/>
      <line num="21" type="method" name="load" visibility="public" complexity="2" crap="6" count="0"/>
      <line num="24" type="stmt" count="0"/>
      <line num="25" type="stmt" count="0"/>
      <line num="28" type="stmt" count="0"/>
      <line num="29" type="stmt" count="0"/>
      <metrics loc="30" ncloc="29" classes="1" methods="2" coveredmethods="0" conditionals="0" coveredconditionals="0" statements="7" coveredstatements="0" elements="9" coveredelements="0"/>
    </file>
    <file name="/srv/api/src/Entity/Address.php">
      <class name="App\Entity\Address" namespace="global">
        <metrics complexity="15" methods="15" coveredmethods="0" conditionals="0" coveredconditionals="0" statements="23" coveredstatements="0" elements="38" coveredelements="0"/>
      </class>
      <line num="148" type="method" name="__construct" visibility="public" complexity="1" crap="2" count="0"/>
      <line num="150" type="stmt" count="0"/>
      <line num="151" type="stmt" count="0"/>
      <line num="153" type="method" name="getId" visibility="public" complexity="1" crap="2" count="0"/>
      <line num="155" type="stmt" count="0"/>
      <line num="158" type="method" name="setId" visibility="public" complexity="1" crap="2" count="0"/>
      <line num="160" type="stmt" count="0"/>
      <line num="162" type="stmt" count="0"/>
      <line num="165" type="method" name="getName" visibility="public" complexity="1" crap="2" count="0"/>
      <line num="167" type="stmt" count="0"/>
      <line num="170" type="method" name="setName" visibility="public" complexity="1" crap="2" count="0"/>
      <line num="172" type="stmt" count="0"/>
      <line num="174" type="stmt" count="0"/>
      <line num="177" type="method" name="getStreet" visibility="public" complexity="1" crap="2" count="0"/>
      <line num="179" type="stmt" count="0"/>
      <line num="182" type="method" name="setStreet" visibility="public" complexity="1" crap="2" count="0"/>
      <line num="184" type="stmt" count="0"/>
      <line num="186" type="stmt" count="0"/>
      <line num="189" type="method" name="getHouseNumber" visibility="public" complexity="1" crap="2" count="0"/>
      <line num="191" type="stmt" count="0"/>
      <line num="194" type="method" name="setHouseNumber" visibility="public" complexity="1" crap="2" count="0"/>
      <line num="196" type="stmt" count="0"/>
      <line num="198" type="stmt" count="0"/>
      <line num="201" type="method" name="getHouseNumberSuffix" visibility="public" complexity="1" crap="2" count="0"/>
      <line num="203" type="stmt" count="0"/>
      <line num="206" type="method" name="setHouseNumberSuffix" visibility="public" complexity="1" crap="2" count="0"/>
      <line num="208" type="stmt" count="0"/>
      <line num="210" type="stmt" count="0"/>
      <line num="213" type="method" name="getPostalCode" visibility="public" complexity="1" crap="2" count="0"/>
      <line num="215" type="stmt" count="0"/>
      <line num="218" type="method" name="setPostalCode" visibility="public" complexity="1" crap="2" count="0"/>
      <line num="220" type="stmt" count="0"/>
      <line num="222" type="stmt" count="0"/>
      <line num="225" type="method" name="getLocality" visibility="public" complexity="1" crap="2" count="0"/>
      <line num="227" type="stmt" count="0"/>
      <line num="230" type="method" name="setLocality" visibility="public" complexity="1" crap="2" count="0"/>
      <line num="232" type="stmt" count="0"/>
      <line num="234" type="stmt" count="0"/>
      <metrics loc="236" ncloc="119" classes="1" methods="15" coveredmethods="0" conditionals="0" coveredconditionals="0" statements="23" coveredstatements="0" elements="38" coveredelements="0"/>
    </file>
    <file name="/srv/api/src/Entity/Availability.php">
      <class name="App\Entity\Availability" namespace="global">
        <metrics complexity="16" methods="16" coveredmethods="0" conditionals="0" coveredconditionals="0" statements="24" coveredstatements="0" elements="40" coveredelements="0"/>
      </class>
      <line num="126" type="method" name="getId" visibility="public" complexity="1" crap="2" count="0"/>
      <line num="128" type="stmt" count="0"/>
      <line num="131" type="method" name="setId" visibility="public" complexity="1" crap="2" count="0"/>
      <line num="133" type="stmt" count="0"/>
      <line num="135" type="stmt" count="0"/>
      <line num="138" type="method" name="getMonday" visibility="public" complexity="1" crap="2" count="0"/>
      <line num="140" type="stmt" count="0"/>
      <line num="143" type="method" name="setMonday" visibility="public" complexity="1" crap="2" count="0"/>
      <line num="145" type="stmt" count="0"/>
      <line num="147" type="stmt" count="0"/>
      <line num="150" type="method" name="getTuesday" visibility="public" complexity="1" crap="2" count="0"/>
      <line num="152" type="stmt" count="0"/>
      <line num="155" type="method" name="setTuesday" visibility="public" complexity="1" crap="2" count="0"/>
      <line num="157" type="stmt" count="0"/>
      <line num="159" type="stmt" count="0"/>
      <line num="162" type="method" name="getWednesday" visibility="public" complexity="1" crap="2" count="0"/>
      <line num="164" type="stmt" count="0"/>
      <line num="167" type="method" name="setWednesday" visibility="public" complexity="1" crap="2" count="0"/>
      <line num="169" type="stmt" count="0"/>
      <line num="171" type="stmt" count="0"/>
      <line num="174" type="method" name="getThursday" visibility="public" complexity="1" crap="2" count="0"/>
      <line num="176" type="stmt" count="0"/>
      <line num="179" type="method" name="setThursday" visibility="public" complexity="1" crap="2" count="0"/>
      <line num="181" type="stmt" count="0"/>
      <line num="183" type="stmt" count="0"/>
      <line num="186" type="method" name="getFriday" visibility="public" complexity="1" crap="2" count="0"/>
      <line num="188" type="stmt" count="0"/>
      <line num="191" type="method" name="setFriday" visibility="public" complexity="1" crap="2" count="0"/>
      <line num="193" type="stmt" count="0"/>
      <line num="195" type="stmt" count="0"/>
      <line num="198" type="method" name="getSaturday" visibility="public" complexity="1" crap="2" count="0"/>
      <line num="200" type="stmt" count="0"/>
      <line num="203" type="method" name="setSaturday" visibility="public" complexity="1" crap="2" count="0"/>
      <line num="205" type="stmt" count="0"/>
      <line num="207" type="stmt" count="0"/>
      <line num="210" type="method" name="getSunday" visibility="public" complexity="1" crap="2" count="0"/>
      <line num="212" type="stmt" count="0"/>
      <line num="215" type="method" name="setSunday" visibility="public" complexity="1" crap="2" count="0"/>
      <line num="217" type="stmt" count="0"/>
      <line num="219" type="stmt" count="0"/>
      <metrics loc="221" ncloc="128" classes="1" methods="16" coveredmethods="0" conditionals="0" coveredconditionals="0" statements="24" coveredstatements="0" elements="40" coveredelements="0"/>
    </file>
    <file name="/srv/api/src/Entity/AvailabilityDay.php">
      <class name="App\Entity\AvailabilityDay" namespace="global">
        <metrics complexity="8" methods="8" coveredmethods="0" conditionals="0" coveredconditionals="0" statements="12" coveredstatements="0" elements="20" coveredelements="0"/>
      </class>
      <line num="90" type="method" name="getId" visibility="public" complexity="1" crap="2" count="0"/>
      <line num="92" type="stmt" count="0"/>
      <line num="95" type="method" name="setId" visibility="public" complexity="1" crap="2" count="0"/>
      <line num="97" type="stmt" count="0"/>
      <line num="99" type="stmt" count="0"/>
      <line num="102" type="method" name="getMorning" visibility="public" complexity="1" crap="2" count="0"/>
      <line num="104" type="stmt" count="0"/>
      <line num="107" type="method" name="setMorning" visibility="public" complexity="1" crap="2" count="0"/>
      <line num="109" type="stmt" count="0"/>
      <line num="111" type="stmt" count="0"/>
      <line num="114" type="method" name="getAfternoon" visibility="public" complexity="1" crap="2" count="0"/>
      <line num="116" type="stmt" count="0"/>
      <line num="119" type="method" name="setAfternoon" visibility="public" complexity="1" crap="2" count="0"/>
      <line num="121" type="stmt" count="0"/>
      <line num="123" type="stmt" count="0"/>
      <line num="126" type="method" name="getEvening" visibility="public" complexity="1" crap="2" count="0"/>
      <line num="128" type="stmt" count="0"/>
      <line num="131" type="method" name="setEvening" visibility="public" complexity="1" crap="2" count="0"/>
      <line num="133" type="stmt" count="0"/>
      <line num="135" type="stmt" count="0"/>
      <metrics loc="137" ncloc="71" classes="1" methods="8" coveredmethods="0" conditionals="0" coveredconditionals="0" statements="12" coveredstatements="0" elements="20" coveredelements="0"/>
    </file>
    <file name="/srv/api/src/Entity/Document.php">
      <class name="App\Entity\Document" namespace="global">
        <metrics complexity="8" methods="8" coveredmethods="0" conditionals="0" coveredconditionals="0" statements="12" coveredstatements="0" elements="20" coveredelements="0"/>
      </class>
      <line num="121" type="method" name="getId" visibility="public" complexity="1" crap="2" count="0"/>
      <line num="123" type="stmt" count="0"/>
      <line num="126" type="method" name="setId" visibility="public" complexity="1" crap="2" count="0"/>
      <line num="128" type="stmt" count="0"/>
      <line num="130" type="stmt" count="0"/>
      <line num="133" type="method" name="getFilename" visibility="public" complexity="1" crap="2" count="0"/>
      <line num="135" type="stmt" count="0"/>
      <line num="138" type="method" name="setFilename" visibility="public" complexity="1" crap="2" count="0"/>
      <line num="140" type="stmt" count="0"/>
      <line num="142" type="stmt" count="0"/>
      <line num="145" type="method" name="getBase64" visibility="public" complexity="1" crap="2" count="0"/>
      <line num="147" type="stmt" count="0"/>
      <line num="150" type="method" name="setBase64" visibility="public" complexity="1" crap="2" count="0"/>
      <line num="152" type="stmt" count="0"/>
      <line num="154" type="stmt" count="0"/>
      <line num="157" type="method" name="getParticipantId" visibility="public" complexity="1" crap="2" count="0"/>
      <line num="159" type="stmt" count="0"/>
      <line num="162" type="method" name="setParticipantId" visibility="public" complexity="1" crap="2" count="0"/>
      <line num="164" type="stmt" count="0"/>
      <line num="166" type="stmt" count="0"/>
      <metrics loc="168" ncloc="72" classes="1" methods="8" coveredmethods="0" conditionals="0" coveredconditionals="0" statements="12" coveredstatements="0" elements="20" coveredelements="0"/>
    </file>
    <file name="/srv/api/src/Entity/Education.php">
      <class name="App\Entity\Education" namespace="global">
        <metrics complexity="24" methods="24" coveredmethods="0" conditionals="0" coveredconditionals="0" statements="36" coveredstatements="0" elements="60" coveredelements="0"/>
      </class>
      <line num="235" type="method" name="getId" visibility="public" complexity="1" crap="2" count="0"/>
      <line num="237" type="stmt" count="0"/>
      <line num="240" type="method" name="setId" visibility="public" complexity="1" crap="2" count="0"/>
      <line num="242" type="stmt" count="0"/>
      <line num="244" type="stmt" count="0"/>
      <line num="247" type="method" name="getName" visibility="public" complexity="1" crap="2" count="0"/>
      <line num="249" type="stmt" count="0"/>
      <line num="252" type="method" name="setName" visibility="public" complexity="1" crap="2" count="0"/>
      <line num="254" type="stmt" count="0"/>
      <line num="256" type="stmt" count="0"/>
      <line num="259" type="method" name="getStartDate" visibility="public" complexity="1" crap="2" count="0"/>
      <line num="261" type="stmt" count="0"/>
      <line num="264" type="method" name="setStartDate" visibility="public" complexity="1" crap="2" count="0"/>
      <line num="266" type="stmt" count="0"/>
      <line num="268" type="stmt" count="0"/>
      <line num="271" type="method" name="getEnddate" visibility="public" complexity="1" crap="2" count="0"/>
      <line num="273" type="stmt" count="0"/>
      <line num="276" type="method" name="setEnddate" visibility="public" complexity="1" crap="2" count="0"/>
      <line num="278" type="stmt" count="0"/>
      <line num="280" type="stmt" count="0"/>
      <line num="283" type="method" name="getInstitution" visibility="public" complexity="1" crap="2" count="0"/>
      <line num="285" type="stmt" count="0"/>
      <line num="288" type="method" name="setInstitution" visibility="public" complexity="1" crap="2" count="0"/>
      <line num="290" type="stmt" count="0"/>
      <line num="292" type="stmt" count="0"/>
      <line num="295" type="method" name="getDegreeGrantedStatus" visibility="public" complexity="1" crap="2" count="0"/>
      <line num="297" type="stmt" count="0"/>
      <line num="300" type="method" name="setDegreeGrantedStatus" visibility="public" complexity="1" crap="2" count="0"/>
      <line num="302" type="stmt" count="0"/>
      <line num="304" type="stmt" count="0"/>
      <line num="307" type="method" name="getIscedEducationLevelCode" visibility="public" complexity="1" crap="2" count="0"/>
      <line num="309" type="stmt" count="0"/>
      <line num="312" type="method" name="setIscedEducationLevelCode" visibility="public" complexity="1" crap="2" count="0"/>
      <line num="314" type="stmt" count="0"/>
      <line num="316" type="stmt" count="0"/>
      <line num="319" type="method" name="getGroupFormation" visibility="public" complexity="1" crap="2" count="0"/>
      <line num="321" type="stmt" count="0"/>
      <line num="324" type="method" name="setGroupFormation" visibility="public" complexity="1" crap="2" count="0"/>
      <line num="326" type="stmt" count="0"/>
      <line num="328" type="stmt" count="0"/>
      <line num="331" type="method" name="getTeacherProfessionalism" visibility="public" complexity="1" crap="2" count="0"/>
      <line num="333" type="stmt" count="0"/>
      <line num="336" type="method" name="setTeacherProfessionalism" visibility="public" complexity="1" crap="2" count="0"/>
      <line num="338" type="stmt" count="0"/>
      <line num="340" type="stmt" count="0"/>
      <line num="343" type="method" name="getCourseProfessionalism" visibility="public" complexity="1" crap="2" count="0"/>
      <line num="345" type="stmt" count="0"/>
      <line num="348" type="method" name="setCourseProfessionalism" visibility="public" complexity="1" crap="2" count="0"/>
      <line num="350" type="stmt" count="0"/>
      <line num="352" type="stmt" count="0"/>
      <line num="355" type="method" name="getProvidesCertificate" visibility="public" complexity="1" crap="2" count="0"/>
      <line num="357" type="stmt" count="0"/>
      <line num="360" type="method" name="setProvidesCertificate" visibility="public" complexity="1" crap="2" count="0"/>
      <line num="362" type="stmt" count="0"/>
      <line num="364" type="stmt" count="0"/>
      <line num="367" type="method" name="getAmountOfHours" visibility="public" complexity="1" crap="2" count="0"/>
      <line num="369" type="stmt" count="0"/>
      <line num="372" type="method" name="setAmountOfHours" visibility="public" complexity="1" crap="2" count="0"/>
      <line num="374" type="stmt" count="0"/>
      <line num="376" type="stmt" count="0"/>
      <metrics loc="378" ncloc="184" classes="1" methods="24" coveredmethods="0" conditionals="0" coveredconditionals="0" statements="36" coveredstatements="0" elements="60" coveredelements="0"/>
    </file>
    <file name="/srv/api/src/Entity/Email.php">
      <class name="App\Entity\Email" namespace="global">
        <metrics complexity="6" methods="6" coveredmethods="0" conditionals="0" coveredconditionals="0" statements="9" coveredstatements="0" elements="15" coveredelements="0"/>
      </class>
      <line num="78" type="method" name="getId" visibility="public" complexity="1" crap="2" count="0"/>
      <line num="80" type="stmt" count="0"/>
      <line num="83" type="method" name="setId" visibility="public" complexity="1" crap="2" count="0"/>
      <line num="85" type="stmt" count="0"/>
      <line num="87" type="stmt" count="0"/>
      <line num="90" type="method" name="getName" visibility="public" complexity="1" crap="2" count="0"/>
      <line num="92" type="stmt" count="0"/>
      <line num="95" type="method" name="setName" visibility="public" complexity="1" crap="2" count="0"/>
      <line num="97" type="stmt" count="0"/>
      <line num="99" type="stmt" count="0"/>
      <line num="102" type="method" name="getEmail" visibility="public" complexity="1" crap="2" count="0"/>
      <line num="104" type="stmt" count="0"/>
      <line num="107" type="method" name="setEmail" visibility="public" complexity="1" crap="2" count="0"/>
      <line num="109" type="stmt" count="0"/>
      <line num="111" type="stmt" count="0"/>
      <metrics loc="113" ncloc="57" classes="1" methods="6" coveredmethods="0" conditionals="0" coveredconditionals="0" statements="9" coveredstatements="0" elements="15" coveredelements="0"/>
    </file>
    <file name="/srv/api/src/Entity/Employee.php">
      <class name="App\Entity\Employee" namespace="global">
        <metrics complexity="38" methods="38" coveredmethods="0" conditionals="0" coveredconditionals="0" statements="57" coveredstatements="0" elements="95" coveredelements="0"/>
      </class>
      <line num="367" type="method" name="getId" visibility="public" complexity="1" crap="2" count="0"/>
      <line num="369" type="stmt" count="0"/>
      <line num="372" type="method" name="setId" visibility="public" complexity="1" crap="2" count="0"/>
      <line num="374" type="stmt" count="0"/>
      <line num="376" type="stmt" count="0"/>
      <line num="379" type="method" name="getPerson" visibility="public" complexity="1" crap="2" count="0"/>
      <line num="381" type="stmt" count="0"/>
      <line num="384" type="method" name="setPerson" visibility="public" complexity="1" crap="2" count="0"/>
      <line num="386" type="stmt" count="0"/>
      <line num="388" type="stmt" count="0"/>
      <line num="391" type="method" name="getAvailability" visibility="public" complexity="1" crap="2" count="0"/>
      <line num="393" type="stmt" count="0"/>
      <line num="396" type="method" name="setAvailability" visibility="public" complexity="1" crap="2" count="0"/>
      <line num="398" type="stmt" count="0"/>
      <line num="400" type="stmt" count="0"/>
      <line num="403" type="method" name="getAvailabilityNotes" visibility="public" complexity="1" crap="2" count="0"/>
      <line num="405" type="stmt" count="0"/>
      <line num="408" type="method" name="setAvailabilityNotes" visibility="public" complexity="1" crap="2" count="0"/>
      <line num="410" type="stmt" count="0"/>
      <line num="412" type="stmt" count="0"/>
      <line num="415" type="method" name="getTargetGroupPreferences" visibility="public" complexity="1" crap="2" count="0"/>
      <line num="417" type="stmt" count="0"/>
      <line num="420" type="method" name="setTargetGroupPreferences" visibility="public" complexity="1" crap="2" count="0"/>
      <line num="422" type="stmt" count="0"/>
      <line num="424" type="stmt" count="0"/>
      <line num="427" type="method" name="getVolunteeringPreference" visibility="public" complexity="1" crap="2" count="0"/>
      <line num="429" type="stmt" count="0"/>
      <line num="432" type="method" name="setVolunteeringPreference" visibility="public" complexity="1" crap="2" count="0"/>
      <line num="434" type="stmt" count="0"/>
      <line num="436" type="stmt" count="0"/>
      <line num="439" type="method" name="getUserGroupIds" visibility="public" complexity="1" crap="2" count="0"/>
      <line num="441" type="stmt" count="0"/>
      <line num="444" type="method" name="setUserGroupIds" visibility="public" complexity="1" crap="2" count="0"/>
      <line num="446" type="stmt" count="0"/>
      <line num="448" type="stmt" count="0"/>
      <line num="451" type="method" name="getGotHereVia" visibility="public" complexity="1" crap="2" count="0"/>
      <line num="453" type="stmt" count="0"/>
      <line num="456" type="method" name="setGotHereVia" visibility="public" complexity="1" crap="2" count="0"/>
      <line num="458" type="stmt" count="0"/>
      <line num="460" type="stmt" count="0"/>
      <line num="463" type="method" name="getHasExperienceWithTargetGroup" visibility="public" complexity="1" crap="2" count="0"/>
      <line num="465" type="stmt" count="0"/>
      <line num="468" type="method" name="setHasExperienceWithTargetGroup" visibility="public" complexity="1" crap="2" count="0"/>
      <line num="470" type="stmt" count="0"/>
      <line num="472" type="stmt" count="0"/>
      <line num="475" type="method" name="getExperienceWithTargetGroupYesReason" visibility="public" complexity="1" crap="2" count="0"/>
      <line num="477" type="stmt" count="0"/>
      <line num="480" type="method" name="setExperienceWithTargetGroupYesReason" visibility="public" complexity="1" crap="2" count="0"/>
      <line num="482" type="stmt" count="0"/>
      <line num="484" type="stmt" count="0"/>
      <line num="487" type="method" name="getCurrentEducation" visibility="public" complexity="1" crap="2" count="0"/>
      <line num="489" type="stmt" count="0"/>
      <line num="492" type="method" name="setCurrentEducation" visibility="public" complexity="1" crap="2" count="0"/>
      <line num="494" type="stmt" count="0"/>
      <line num="496" type="stmt" count="0"/>
      <line num="499" type="method" name="getDoesCurrentlyFollowCourse" visibility="public" complexity="1" crap="2" count="0"/>
      <line num="501" type="stmt" count="0"/>
      <line num="504" type="method" name="setDoesCurrentlyFollowCourse" visibility="public" complexity="1" crap="2" count="0"/>
      <line num="506" type="stmt" count="0"/>
      <line num="508" type="stmt" count="0"/>
      <line num="511" type="method" name="getFollowingCourse" visibility="public" complexity="1" crap="2" count="0"/>
      <line num="513" type="stmt" count="0"/>
      <line num="516" type="method" name="setFollowingCourse" visibility="public" complexity="1" crap="2" count="0"/>
      <line num="518" type="stmt" count="0"/>
      <line num="520" type="stmt" count="0"/>
      <line num="523" type="method" name="getOtherRelevantCertificates" visibility="public" complexity="1" crap="2" count="0"/>
      <line num="525" type="stmt" count="0"/>
      <line num="528" type="method" name="setOtherRelevantCertificates" visibility="public" complexity="1" crap="2" count="0"/>
      <line num="530" type="stmt" count="0"/>
      <line num="532" type="stmt" count="0"/>
      <line num="535" type="method" name="getIsVOGChecked" visibility="public" complexity="1" crap="2" count="0"/>
      <line num="537" type="stmt" count="0"/>
      <line num="540" type="method" name="setIsVOGChecked" visibility="public" complexity="1" crap="2" count="0"/>
      <line num="542" type="stmt" count="0"/>
      <line num="544" type="stmt" count="0"/>
      <line num="547" type="method" name="getOrganizationId" visibility="public" complexity="1" crap="2" count="0"/>
      <line num="549" type="stmt" count="0"/>
      <line num="552" type="method" name="setOrganizationId" visibility="public" complexity="1" crap="2" count="0"/>
      <line num="554" type="stmt" count="0"/>
      <line num="556" type="stmt" count="0"/>
      <line num="559" type="method" name="getEducation" visibility="public" complexity="1" crap="2" count="0"/>
      <line num="561" type="stmt" count="0"/>
      <line num="564" type="method" name="setEducation" visibility="public" complexity="1" crap="2" count="0"/>
      <line num="566" type="stmt" count="0"/>
      <line num="568" type="stmt" count="0"/>
      <line num="571" type="method" name="getUserId" visibility="public" complexity="1" crap="2" count="0"/>
      <line num="573" type="stmt" count="0"/>
      <line num="576" type="method" name="setUserId" visibility="public" complexity="1" crap="2" count="0"/>
      <line num="578" type="stmt" count="0"/>
      <line num="580" type="stmt" count="0"/>
      <line num="583" type="method" name="getDateCreated" visibility="public" complexity="1" crap="2" count="0"/>
      <line num="585" type="stmt" count="0"/>
      <line num="588" type="method" name="setDateCreated" visibility="public" complexity="1" crap="2" count="0"/>
      <line num="590" type="stmt" count="0"/>
      <line num="592" type="stmt" count="0"/>
      <metrics loc="606" ncloc="286" classes="1" methods="38" coveredmethods="0" conditionals="0" coveredconditionals="0" statements="57" coveredstatements="0" elements="95" coveredelements="0"/>
    </file>
    <file name="/srv/api/src/Entity/Group.php">
      <class name="App\Entity\Group" namespace="global">
        <metrics complexity="36" methods="36" coveredmethods="0" conditionals="0" coveredconditionals="0" statements="54" coveredstatements="0" elements="90" coveredelements="0"/>
      </class>
      <line num="368" type="method" name="getId" visibility="public" complexity="1" crap="2" count="0"/>
      <line num="370" type="stmt" count="0"/>
      <line num="373" type="method" name="setId" visibility="public" complexity="1" crap="2" count="0"/>
      <line num="375" type="stmt" count="0"/>
      <line num="377" type="stmt" count="0"/>
      <line num="380" type="method" name="getProviderId" visibility="public" complexity="1" crap="2" count="0"/>
      <line num="382" type="stmt" count="0"/>
      <line num="385" type="method" name="setProviderId" visibility="public" complexity="1" crap="2" count="0"/>
      <line num="387" type="stmt" count="0"/>
      <line num="389" type="stmt" count="0"/>
      <line num="392" type="method" name="getName" visibility="public" complexity="1" crap="2" count="0"/>
      <line num="394" type="stmt" count="0"/>
      <line num="397" type="method" name="setName" visibility="public" complexity="1" crap="2" count="0"/>
      <line num="399" type="stmt" count="0"/>
      <line num="401" type="stmt" count="0"/>
      <line num="404" type="method" name="getTypeCourse" visibility="public" complexity="1" crap="2" count="0"/>
      <line num="406" type="stmt" count="0"/>
      <line num="409" type="method" name="setTypeCourse" visibility="public" complexity="1" crap="2" count="0"/>
      <line num="411" type="stmt" count="0"/>
      <line num="413" type="stmt" count="0"/>
      <line num="416" type="method" name="getAvailabilityNotes" visibility="public" complexity="1" crap="2" count="0"/>
      <line num="418" type="stmt" count="0"/>
      <line num="421" type="method" name="setAvailabilityNotes" visibility="public" complexity="1" crap="2" count="0"/>
      <line num="423" type="stmt" count="0"/>
      <line num="425" type="stmt" count="0"/>
      <line num="428" type="method" name="getLocation" visibility="public" complexity="1" crap="2" count="0"/>
      <line num="430" type="stmt" count="0"/>
      <line num="433" type="method" name="setLocation" visibility="public" complexity="1" crap="2" count="0"/>
      <line num="435" type="stmt" count="0"/>
      <line num="437" type="stmt" count="0"/>
      <line num="440" type="method" name="getEvaluation" visibility="public" complexity="1" crap="2" count="0"/>
      <line num="442" type="stmt" count="0"/>
      <line num="445" type="method" name="setEvaluation" visibility="public" complexity="1" crap="2" count="0"/>
      <line num="447" type="stmt" count="0"/>
      <line num="449" type="stmt" count="0"/>
      <line num="452" type="method" name="getEmployeeIds" visibility="public" complexity="1" crap="2" count="0"/>
      <line num="454" type="stmt" count="0"/>
      <line num="457" type="method" name="setEmployeeIds" visibility="public" complexity="1" crap="2" count="0"/>
      <line num="459" type="stmt" count="0"/>
      <line num="461" type="stmt" count="0"/>
      <line num="464" type="method" name="getAvailability" visibility="public" complexity="1" crap="2" count="0"/>
      <line num="466" type="stmt" count="0"/>
      <line num="469" type="method" name="setAvailability" visibility="public" complexity="1" crap="2" count="0"/>
      <line num="471" type="stmt" count="0"/>
      <line num="473" type="stmt" count="0"/>
      <line num="476" type="method" name="getLearningNeedOutCome" visibility="public" complexity="1" crap="2" count="0"/>
      <line num="478" type="stmt" count="0"/>
      <line num="481" type="method" name="setLearningNeedOutCome" visibility="public" complexity="1" crap="2" count="0"/>
      <line num="483" type="stmt" count="0"/>
      <line num="485" type="stmt" count="0"/>
      <line num="488" type="method" name="getIsFormal" visibility="public" complexity="1" crap="2" count="0"/>
      <line num="490" type="stmt" count="0"/>
      <line num="493" type="method" name="setIsFormal" visibility="public" complexity="1" crap="2" count="0"/>
      <line num="495" type="stmt" count="0"/>
      <line num="497" type="stmt" count="0"/>
      <line num="500" type="method" name="getTotalClassHours" visibility="public" complexity="1" crap="2" count="0"/>
      <line num="502" type="stmt" count="0"/>
      <line num="505" type="method" name="setTotalClassHours" visibility="public" complexity="1" crap="2" count="0"/>
      <line num="507" type="stmt" count="0"/>
      <line num="509" type="stmt" count="0"/>
      <line num="512" type="method" name="getCertificateWillBeAwarded" visibility="public" complexity="1" crap="2" count="0"/>
      <line num="514" type="stmt" count="0"/>
      <line num="517" type="method" name="setCertificateWillBeAwarded" visibility="public" complexity="1" crap="2" count="0"/>
      <line num="519" type="stmt" count="0"/>
      <line num="521" type="stmt" count="0"/>
      <line num="524" type="method" name="getStartDate" visibility="public" complexity="1" crap="2" count="0"/>
      <line num="526" type="stmt" count="0"/>
      <line num="529" type="method" name="setStartDate" visibility="public" complexity="1" crap="2" count="0"/>
      <line num="531" type="stmt" count="0"/>
      <line num="533" type="stmt" count="0"/>
      <line num="536" type="method" name="getEndDate" visibility="public" complexity="1" crap="2" count="0"/>
      <line num="538" type="stmt" count="0"/>
      <line num="541" type="method" name="setEndDate" visibility="public" complexity="1" crap="2" count="0"/>
      <line num="543" type="stmt" count="0"/>
      <line num="545" type="stmt" count="0"/>
      <line num="548" type="method" name="getMinParticipations" visibility="public" complexity="1" crap="2" count="0"/>
      <line num="550" type="stmt" count="0"/>
      <line num="553" type="method" name="setMinParticipations" visibility="public" complexity="1" crap="2" count="0"/>
      <line num="555" type="stmt" count="0"/>
      <line num="557" type="stmt" count="0"/>
      <line num="560" type="method" name="getMaxParticipations" visibility="public" complexity="1" crap="2" count="0"/>
      <line num="562" type="stmt" count="0"/>
      <line num="565" type="method" name="setMaxParticipations" visibility="public" complexity="1" crap="2" count="0"/>
      <line num="567" type="stmt" count="0"/>
      <line num="569" type="stmt" count="0"/>
      <line num="572" type="method" name="getStatus" visibility="public" complexity="1" crap="2" count="0"/>
      <line num="574" type="stmt" count="0"/>
      <line num="577" type="method" name="setStatus" visibility="public" complexity="1" crap="2" count="0"/>
      <line num="579" type="stmt" count="0"/>
      <line num="581" type="stmt" count="0"/>
      <metrics loc="583" ncloc="273" classes="1" methods="36" coveredmethods="0" conditionals="0" coveredconditionals="0" statements="54" coveredstatements="0" elements="90" coveredelements="0"/>
    </file>
    <file name="/srv/api/src/Entity/LearningNeed.php">
      <class name="App\Entity\LearningNeed" namespace="global">
        <metrics complexity="20" methods="20" coveredmethods="0" conditionals="0" coveredconditionals="0" statements="30" coveredstatements="0" elements="50" coveredelements="0"/>
      </class>
      <line num="230" type="method" name="getId" visibility="public" complexity="1" crap="2" count="0"/>
      <line num="232" type="stmt" count="0"/>
      <line num="235" type="method" name="setId" visibility="public" complexity="1" crap="2" count="0"/>
      <line num="237" type="stmt" count="0"/>
      <line num="239" type="stmt" count="0"/>
      <line num="242" type="method" name="getDescription" visibility="public" complexity="1" crap="2" count="0"/>
      <line num="244" type="stmt" count="0"/>
      <line num="247" type="method" name="setDescription" visibility="public" complexity="1" crap="2" count="0"/>
      <line num="249" type="stmt" count="0"/>
      <line num="251" type="stmt" count="0"/>
      <line num="254" type="method" name="getMotivation" visibility="public" complexity="1" crap="2" count="0"/>
      <line num="256" type="stmt" count="0"/>
      <line num="259" type="method" name="setMotivation" visibility="public" complexity="1" crap="2" count="0"/>
      <line num="261" type="stmt" count="0"/>
      <line num="263" type="stmt" count="0"/>
      <line num="266" type="method" name="getDesiredLearningNeedOutCome" visibility="public" complexity="1" crap="2" count="0"/>
      <line num="268" type="stmt" count="0"/>
      <line num="271" type="method" name="setDesiredLearningNeedOutCome" visibility="public" complexity="1" crap="2" count="0"/>
      <line num="273" type="stmt" count="0"/>
      <line num="275" type="stmt" count="0"/>
      <line num="278" type="method" name="getDesiredOffer" visibility="public" complexity="1" crap="2" count="0"/>
      <line num="280" type="stmt" count="0"/>
      <line num="283" type="method" name="setDesiredOffer" visibility="public" complexity="1" crap="2" count="0"/>
      <line num="285" type="stmt" count="0"/>
      <line num="287" type="stmt" count="0"/>
      <line num="290" type="method" name="getAdvisedOffer" visibility="public" complexity="1" crap="2" count="0"/>
      <line num="292" type="stmt" count="0"/>
      <line num="295" type="method" name="setAdvisedOffer" visibility="public" complexity="1" crap="2" count="0"/>
      <line num="297" type="stmt" count="0"/>
      <line num="299" type="stmt" count="0"/>
      <line num="302" type="method" name="getOfferDifference" visibility="public" complexity="1" crap="2" count="0"/>
      <line num="304" type="stmt" count="0"/>
      <line num="307" type="method" name="setOfferDifference" visibility="public" complexity="1" crap="2" count="0"/>
      <line num="309" type="stmt" count="0"/>
      <line num="311" type="stmt" count="0"/>
      <line num="314" type="method" name="getOfferDifferenceOther" visibility="public" complexity="1" crap="2" count="0"/>
      <line num="316" type="stmt" count="0"/>
      <line num="319" type="method" name="setOfferDifferenceOther" visibility="public" complexity="1" crap="2" count="0"/>
      <line num="321" type="stmt" count="0"/>
      <line num="323" type="stmt" count="0"/>
      <line num="326" type="method" name="getOfferEngagements" visibility="public" complexity="1" crap="2" count="0"/>
      <line num="328" type="stmt" count="0"/>
      <line num="331" type="method" name="setOfferEngagements" visibility="public" complexity="1" crap="2" count="0"/>
      <line num="333" type="stmt" count="0"/>
      <line num="335" type="stmt" count="0"/>
      <line num="338" type="method" name="getStudentId" visibility="public" complexity="1" crap="2" count="0"/>
      <line num="340" type="stmt" count="0"/>
      <line num="343" type="method" name="setStudentId" visibility="public" complexity="1" crap="2" count="0"/>
      <line num="345" type="stmt" count="0"/>
      <line num="347" type="stmt" count="0"/>
      <metrics loc="349" ncloc="156" classes="1" methods="20" coveredmethods="0" conditionals="0" coveredconditionals="0" statements="30" coveredstatements="0" elements="50" coveredelements="0"/>
    </file>
    <file name="/srv/api/src/Entity/LearningNeedOutCome.php">
      <class name="App\Entity\LearningNeedOutCome" namespace="global">
        <metrics complexity="16" methods="16" coveredmethods="0" conditionals="0" coveredconditionals="0" statements="24" coveredstatements="0" elements="40" coveredelements="0"/>
      </class>
      <line num="163" type="method" name="getId" visibility="public" complexity="1" crap="2" count="0"/>
      <line num="165" type="stmt" count="0"/>
      <line num="168" type="method" name="setId" visibility="public" complexity="1" crap="2" count="0"/>
      <line num="170" type="stmt" count="0"/>
      <line num="172" type="stmt" count="0"/>
      <line num="175" type="method" name="getGoal" visibility="public" complexity="1" crap="2" count="0"/>
      <line num="177" type="stmt" count="0"/>
      <line num="180" type="method" name="setGoal" visibility="public" complexity="1" crap="2" count="0"/>
      <line num="182" type="stmt" count="0"/>
      <line num="184" type="stmt" count="0"/>
      <line num="187" type="method" name="getTopic" visibility="public" complexity="1" crap="2" count="0"/>
      <line num="189" type="stmt" count="0"/>
      <line num="192" type="method" name="setTopic" visibility="public" complexity="1" crap="2" count="0"/>
      <line num="194" type="stmt" count="0"/>
      <line num="196" type="stmt" count="0"/>
      <line num="199" type="method" name="getTopicOther" visibility="public" complexity="1" crap="2" count="0"/>
      <line num="201" type="stmt" count="0"/>
      <line num="204" type="method" name="setTopicOther" visibility="public" complexity="1" crap="2" count="0"/>
      <line num="206" type="stmt" count="0"/>
      <line num="208" type="stmt" count="0"/>
      <line num="211" type="method" name="getApplication" visibility="public" complexity="1" crap="2" count="0"/>
      <line num="213" type="stmt" count="0"/>
      <line num="216" type="method" name="setApplication" visibility="public" complexity="1" crap="2" count="0"/>
      <line num="218" type="stmt" count="0"/>
      <line num="220" type="stmt" count="0"/>
      <line num="223" type="method" name="getApplicationOther" visibility="public" complexity="1" crap="2" count="0"/>
      <line num="225" type="stmt" count="0"/>
      <line num="228" type="method" name="setApplicationOther" visibility="public" complexity="1" crap="2" count="0"/>
      <line num="230" type="stmt" count="0"/>
      <line num="232" type="stmt" count="0"/>
      <line num="235" type="method" name="getLevel" visibility="public" complexity="1" crap="2" count="0"/>
      <line num="237" type="stmt" count="0"/>
      <line num="240" type="method" name="setLevel" visibility="public" complexity="1" crap="2" count="0"/>
      <line num="242" type="stmt" count="0"/>
      <line num="244" type="stmt" count="0"/>
      <line num="247" type="method" name="getLevelOther" visibility="public" complexity="1" crap="2" count="0"/>
      <line num="249" type="stmt" count="0"/>
      <line num="252" type="method" name="setLevelOther" visibility="public" complexity="1" crap="2" count="0"/>
      <line num="254" type="stmt" count="0"/>
      <line num="256" type="stmt" count="0"/>
      <metrics loc="258" ncloc="125" classes="1" methods="16" coveredmethods="0" conditionals="0" coveredconditionals="0" statements="24" coveredstatements="0" elements="40" coveredelements="0"/>
    </file>
    <file name="/srv/api/src/Entity/Organization.php">
      <class name="App\Entity\Organization" namespace="global">
        <metrics complexity="12" methods="12" coveredmethods="0" conditionals="0" coveredconditionals="0" statements="18" coveredstatements="0" elements="30" coveredelements="0"/>
      </class>
      <line num="141" type="method" name="getId" visibility="public" complexity="1" crap="2" count="0"/>
      <line num="143" type="stmt" count="0"/>
      <line num="146" type="method" name="setId" visibility="public" complexity="1" crap="2" count="0"/>
      <line num="148" type="stmt" count="0"/>
      <line num="150" type="stmt" count="0"/>
      <line num="153" type="method" name="getName" visibility="public" complexity="1" crap="2" count="0"/>
      <line num="155" type="stmt" count="0"/>
      <line num="158" type="method" name="setName" visibility="public" complexity="1" crap="2" count="0"/>
      <line num="160" type="stmt" count="0"/>
      <line num="162" type="stmt" count="0"/>
      <line num="165" type="method" name="getType" visibility="public" complexity="1" crap="2" count="0"/>
      <line num="167" type="stmt" count="0"/>
      <line num="170" type="method" name="setType" visibility="public" complexity="1" crap="2" count="0"/>
      <line num="172" type="stmt" count="0"/>
      <line num="174" type="stmt" count="0"/>
      <line num="177" type="method" name="getAddresses" visibility="public" complexity="1" crap="2" count="0"/>
      <line num="179" type="stmt" count="0"/>
      <line num="182" type="method" name="setAddresses" visibility="public" complexity="1" crap="2" count="0"/>
      <line num="184" type="stmt" count="0"/>
      <line num="186" type="stmt" count="0"/>
      <line num="189" type="method" name="getTelephones" visibility="public" complexity="1" crap="2" count="0"/>
      <line num="191" type="stmt" count="0"/>
      <line num="194" type="method" name="setTelephones" visibility="public" complexity="1" crap="2" count="0"/>
      <line num="196" type="stmt" count="0"/>
      <line num="198" type="stmt" count="0"/>
      <line num="201" type="method" name="getEmails" visibility="public" complexity="1" crap="2" count="0"/>
      <line num="203" type="stmt" count="0"/>
      <line num="206" type="method" name="setEmails" visibility="public" complexity="1" crap="2" count="0"/>
      <line num="208" type="stmt" count="0"/>
      <line num="210" type="stmt" count="0"/>
      <metrics loc="212" ncloc="101" classes="1" methods="12" coveredmethods="0" conditionals="0" coveredconditionals="0" statements="18" coveredstatements="0" elements="30" coveredelements="0"/>
    </file>
    <file name="/srv/api/src/Entity/Participation.php">
      <class name="App\Entity\Participation" namespace="global">
        <metrics complexity="30" methods="30" coveredmethods="0" conditionals="0" coveredconditionals="0" statements="45" coveredstatements="0" elements="75" coveredelements="0"/>
      </class>
      <line num="378" type="method" name="getId" visibility="public" complexity="1" crap="2" count="0"/>
      <line num="380" type="stmt" count="0"/>
      <line num="383" type="method" name="setId" visibility="public" complexity="1" crap="2" count="0"/>
      <line num="385" type="stmt" count="0"/>
      <line num="387" type="stmt" count="0"/>
      <line num="390" type="method" name="getProviderId" visibility="public" complexity="1" crap="2" count="0"/>
      <line num="392" type="stmt" count="0"/>
      <line num="395" type="method" name="setProviderId" visibility="public" complexity="1" crap="2" count="0"/>
      <line num="397" type="stmt" count="0"/>
      <line num="399" type="stmt" count="0"/>
      <line num="402" type="method" name="getProviderName" visibility="public" complexity="1" crap="2" count="0"/>
      <line num="404" type="stmt" count="0"/>
      <line num="407" type="method" name="setProviderName" visibility="public" complexity="1" crap="2" count="0"/>
      <line num="409" type="stmt" count="0"/>
      <line num="411" type="stmt" count="0"/>
      <line num="414" type="method" name="getProviderNote" visibility="public" complexity="1" crap="2" count="0"/>
      <line num="416" type="stmt" count="0"/>
      <line num="419" type="method" name="setProviderNote" visibility="public" complexity="1" crap="2" count="0"/>
      <line num="421" type="stmt" count="0"/>
      <line num="423" type="stmt" count="0"/>
      <line num="426" type="method" name="getOfferName" visibility="public" complexity="1" crap="2" count="0"/>
      <line num="428" type="stmt" count="0"/>
      <line num="431" type="method" name="setOfferName" visibility="public" complexity="1" crap="2" count="0"/>
      <line num="433" type="stmt" count="0"/>
      <line num="435" type="stmt" count="0"/>
      <line num="438" type="method" name="getOfferCourse" visibility="public" complexity="1" crap="2" count="0"/>
      <line num="440" type="stmt" count="0"/>
      <line num="443" type="method" name="setOfferCourse" visibility="public" complexity="1" crap="2" count="0"/>
      <line num="445" type="stmt" count="0"/>
      <line num="447" type="stmt" count="0"/>
      <line num="450" type="method" name="getLearningNeedOutCome" visibility="public" complexity="1" crap="2" count="0"/>
      <line num="452" type="stmt" count="0"/>
      <line num="455" type="method" name="setLearningNeedOutCome" visibility="public" complexity="1" crap="2" count="0"/>
      <line num="457" type="stmt" count="0"/>
      <line num="459" type="stmt" count="0"/>
      <line num="462" type="method" name="getIsFormal" visibility="public" complexity="1" crap="2" count="0"/>
      <line num="464" type="stmt" count="0"/>
      <line num="467" type="method" name="setIsFormal" visibility="public" complexity="1" crap="2" count="0"/>
      <line num="469" type="stmt" count="0"/>
      <line num="471" type="stmt" count="0"/>
      <line num="474" type="method" name="getGroupFormation" visibility="public" complexity="1" crap="2" count="0"/>
      <line num="476" type="stmt" count="0"/>
      <line num="479" type="method" name="setGroupFormation" visibility="public" complexity="1" crap="2" count="0"/>
      <line num="481" type="stmt" count="0"/>
      <line num="483" type="stmt" count="0"/>
      <line num="486" type="method" name="getTotalClassHours" visibility="public" complexity="1" crap="2" count="0"/>
      <line num="488" type="stmt" count="0"/>
      <line num="491" type="method" name="setTotalClassHours" visibility="public" complexity="1" crap="2" count="0"/>
      <line num="493" type="stmt" count="0"/>
      <line num="495" type="stmt" count="0"/>
      <line num="498" type="method" name="getCertificateWillBeAwarded" visibility="public" complexity="1" crap="2" count="0"/>
      <line num="500" type="stmt" count="0"/>
      <line num="503" type="method" name="setCertificateWillBeAwarded" visibility="public" complexity="1" crap="2" count="0"/>
      <line num="505" type="stmt" count="0"/>
      <line num="507" type="stmt" count="0"/>
      <line num="510" type="method" name="getStartDate" visibility="public" complexity="1" crap="2" count="0"/>
      <line num="512" type="stmt" count="0"/>
      <line num="515" type="method" name="setStartDate" visibility="public" complexity="1" crap="2" count="0"/>
      <line num="517" type="stmt" count="0"/>
      <line num="519" type="stmt" count="0"/>
      <line num="522" type="method" name="getEndDate" visibility="public" complexity="1" crap="2" count="0"/>
      <line num="524" type="stmt" count="0"/>
      <line num="527" type="method" name="setEndDate" visibility="public" complexity="1" crap="2" count="0"/>
      <line num="529" type="stmt" count="0"/>
      <line num="531" type="stmt" count="0"/>
      <line num="534" type="method" name="getEngagements" visibility="public" complexity="1" crap="2" count="0"/>
      <line num="536" type="stmt" count="0"/>
      <line num="539" type="method" name="setEngagements" visibility="public" complexity="1" crap="2" count="0"/>
      <line num="541" type="stmt" count="0"/>
      <line num="543" type="stmt" count="0"/>
      <line num="546" type="method" name="getLearningNeedId" visibility="public" complexity="1" crap="2" count="0"/>
      <line num="548" type="stmt" count="0"/>
      <line num="551" type="method" name="setLearningNeedId" visibility="public" complexity="1" crap="2" count="0"/>
      <line num="553" type="stmt" count="0"/>
      <line num="555" type="stmt" count="0"/>
      <metrics loc="606" ncloc="231" classes="1" methods="30" coveredmethods="0" conditionals="0" coveredconditionals="0" statements="45" coveredstatements="0" elements="75" coveredelements="0"/>
    </file>
    <file name="/srv/api/src/Entity/Person.php">
      <class name="App\Entity\Person" namespace="global">
        <metrics complexity="28" methods="26" coveredmethods="0" conditionals="0" coveredconditionals="0" statements="42" coveredstatements="0" elements="68" coveredelements="0"/>
      </class>
      <line num="217" type="method" name="__construct" visibility="public" complexity="1" crap="2" count="0"/>
      <line num="220" type="stmt" count="0"/>
      <line num="221" type="stmt" count="0"/>
      <line num="223" type="method" name="getId" visibility="public" complexity="1" crap="2" count="0"/>
      <line num="225" type="stmt" count="0"/>
      <line num="228" type="method" name="setId" visibility="public" complexity="1" crap="2" count="0"/>
      <line num="230" type="stmt" count="0"/>
      <line num="232" type="stmt" count="0"/>
      <line num="235" type="method" name="getGivenName" visibility="public" complexity="1" crap="2" count="0"/>
      <line num="237" type="stmt" count="0"/>
      <line num="240" type="method" name="setGivenName" visibility="public" complexity="1" crap="2" count="0"/>
      <line num="242" type="stmt" count="0"/>
      <line num="244" type="stmt" count="0"/>
      <line num="247" type="method" name="getAdditionalName" visibility="public" complexity="1" crap="2" count="0"/>
      <line num="249" type="stmt" count="0"/>
      <line num="252" type="method" name="setAdditionalName" visibility="public" complexity="1" crap="2" count="0"/>
      <line num="254" type="stmt" count="0"/>
      <line num="256" type="stmt" count="0"/>
      <line num="259" type="method" name="getFamilyName" visibility="public" complexity="1" crap="2" count="0"/>
      <line num="261" type="stmt" count="0"/>
      <line num="264" type="method" name="setFamilyName" visibility="public" complexity="1" crap="2" count="0"/>
      <line num="266" type="stmt" count="0"/>
      <line num="268" type="stmt" count="0"/>
      <line num="271" type="method" name="getGender" visibility="public" complexity="1" crap="2" count="0"/>
      <line num="273" type="stmt" count="0"/>
      <line num="276" type="method" name="setGender" visibility="public" complexity="1" crap="2" count="0"/>
      <line num="278" type="stmt" count="0"/>
      <line num="280" type="stmt" count="0"/>
      <line num="283" type="method" name="getBirthday" visibility="public" complexity="1" crap="2" count="0"/>
      <line num="285" type="stmt" count="0"/>
      <line num="288" type="method" name="setBirthday" visibility="public" complexity="1" crap="2" count="0"/>
      <line num="290" type="stmt" count="0"/>
      <line num="292" type="stmt" count="0"/>
      <line num="295" type="method" name="getAddresses" visibility="public" complexity="1" crap="2" count="0"/>
      <line num="297" type="stmt" count="0"/>
      <line num="300" type="method" name="setAddresses" visibility="public" complexity="1" crap="2" count="0"/>
      <line num="302" type="stmt" count="0"/>
      <line num="304" type="stmt" count="0"/>
      <line num="310" type="method" name="getTelephones" visibility="public" complexity="1" crap="2" count="0"/>
      <line num="312" type="stmt" count="0"/>
      <line num="315" type="method" name="addTelephone" visibility="public" complexity="2" crap="6" count="0"/>
      <line num="317" type="stmt" count="0"/>
      <line num="318" type="stmt" count="0"/>
      <line num="321" type="stmt" count="0"/>
      <line num="324" type="method" name="removeTelephone" visibility="public" complexity="2" crap="6" count="0"/>
      <line num="326" type="stmt" count="0"/>
      <line num="327" type="stmt" count="0"/>
      <line num="330" type="stmt" count="0"/>
      <line num="333" type="method" name="getEmails" visibility="public" complexity="1" crap="2" count="0"/>
      <line num="335" type="stmt" count="0"/>
      <line num="338" type="method" name="setEmails" visibility="public" complexity="1" crap="2" count="0"/>
      <line num="340" type="stmt" count="0"/>
      <line num="342" type="stmt" count="0"/>
      <line num="345" type="method" name="getOrganization" visibility="public" complexity="1" crap="2" count="0"/>
      <line num="347" type="stmt" count="0"/>
      <line num="350" type="method" name="setOrganization" visibility="public" complexity="1" crap="2" count="0"/>
      <line num="352" type="stmt" count="0"/>
      <line num="354" type="stmt" count="0"/>
      <line num="357" type="method" name="getContactPreference" visibility="public" complexity="1" crap="2" count="0"/>
      <line num="359" type="stmt" count="0"/>
      <line num="362" type="method" name="setContactPreference" visibility="public" complexity="1" crap="2" count="0"/>
      <line num="364" type="stmt" count="0"/>
      <line num="366" type="stmt" count="0"/>
      <line num="369" type="method" name="getContactPreferenceOther" visibility="public" complexity="1" crap="2" count="0"/>
      <line num="371" type="stmt" count="0"/>
      <line num="374" type="method" name="setContactPreferenceOther" visibility="public" complexity="1" crap="2" count="0"/>
      <line num="376" type="stmt" count="0"/>
      <line num="378" type="stmt" count="0"/>
      <metrics loc="380" ncloc="204" classes="1" methods="26" coveredmethods="0" conditionals="0" coveredconditionals="0" statements="42" coveredstatements="0" elements="68" coveredelements="0"/>
    </file>
    <file name="/srv/api/src/Entity/Registration.php">
      <class name="App\Entity\Registration" namespace="global">
        <metrics complexity="14" methods="14" coveredmethods="0" conditionals="0" coveredconditionals="0" statements="21" coveredstatements="0" elements="35" coveredelements="0"/>
      </class>
      <line num="149" type="method" name="getId" visibility="public" complexity="1" crap="2" count="0"/>
      <line num="151" type="stmt" count="0"/>
      <line num="154" type="method" name="setId" visibility="public" complexity="1" crap="2" count="0"/>
      <line num="156" type="stmt" count="0"/>
      <line num="158" type="stmt" count="0"/>
      <line num="161" type="method" name="getLanguageHouseId" visibility="public" complexity="1" crap="2" count="0"/>
      <line num="163" type="stmt" count="0"/>
      <line num="166" type="method" name="setLanguageHouseId" visibility="public" complexity="1" crap="2" count="0"/>
      <line num="168" type="stmt" count="0"/>
      <line num="170" type="stmt" count="0"/>
      <line num="173" type="method" name="getStudent" visibility="public" complexity="1" crap="2" count="0"/>
      <line num="175" type="stmt" count="0"/>
      <line num="178" type="method" name="setStudent" visibility="public" complexity="1" crap="2" count="0"/>
      <line num="180" type="stmt" count="0"/>
      <line num="182" type="stmt" count="0"/>
      <line num="185" type="method" name="getRegistrar" visibility="public" complexity="1" crap="2" count="0"/>
      <line num="187" type="stmt" count="0"/>
      <line num="190" type="method" name="setRegistrar" visibility="public" complexity="1" crap="2" count="0"/>
      <line num="192" type="stmt" count="0"/>
      <line num="194" type="stmt" count="0"/>
      <line num="197" type="method" name="getMemo" visibility="public" complexity="1" crap="2" count="0"/>
      <line num="199" type="stmt" count="0"/>
      <line num="202" type="method" name="setMemo" visibility="public" complexity="1" crap="2" count="0"/>
      <line num="204" type="stmt" count="0"/>
      <line num="206" type="stmt" count="0"/>
      <line num="209" type="method" name="getStatus" visibility="public" complexity="1" crap="2" count="0"/>
      <line num="211" type="stmt" count="0"/>
      <line num="214" type="method" name="setStatus" visibility="public" complexity="1" crap="2" count="0"/>
      <line num="216" type="stmt" count="0"/>
      <line num="218" type="stmt" count="0"/>
      <line num="221" type="method" name="getPermissionDetails" visibility="public" complexity="1" crap="2" count="0"/>
      <line num="223" type="stmt" count="0"/>
      <line num="226" type="method" name="setPermissionDetails" visibility="public" complexity="1" crap="2" count="0"/>
      <line num="228" type="stmt" count="0"/>
      <line num="230" type="stmt" count="0"/>
      <metrics loc="232" ncloc="114" classes="1" methods="14" coveredmethods="0" conditionals="0" coveredconditionals="0" statements="21" coveredstatements="0" elements="35" coveredelements="0"/>
    </file>
    <file name="/srv/api/src/Entity/Report.php">
      <class name="App\Entity\Report" namespace="global">
        <metrics complexity="12" methods="12" coveredmethods="0" conditionals="0" coveredconditionals="0" statements="18" coveredstatements="0" elements="30" coveredelements="0"/>
      </class>
      <line num="153" type="method" name="getId" visibility="public" complexity="1" crap="2" count="0"/>
      <line num="155" type="stmt" count="0"/>
      <line num="158" type="method" name="setId" visibility="public" complexity="1" crap="2" count="0"/>
      <line num="160" type="stmt" count="0"/>
      <line num="162" type="stmt" count="0"/>
      <line num="165" type="method" name="getOrganizationId" visibility="public" complexity="1" crap="2" count="0"/>
      <line num="167" type="stmt" count="0"/>
      <line num="170" type="method" name="setOrganizationId" visibility="public" complexity="1" crap="2" count="0"/>
      <line num="172" type="stmt" count="0"/>
      <line num="174" type="stmt" count="0"/>
      <line num="177" type="method" name="getDateFrom" visibility="public" complexity="1" crap="2" count="0"/>
      <line num="179" type="stmt" count="0"/>
      <line num="182" type="method" name="setDateFrom" visibility="public" complexity="1" crap="2" count="0"/>
      <line num="184" type="stmt" count="0"/>
      <line num="186" type="stmt" count="0"/>
      <line num="189" type="method" name="getDateUntil" visibility="public" complexity="1" crap="2" count="0"/>
      <line num="191" type="stmt" count="0"/>
      <line num="194" type="method" name="setDateUntil" visibility="public" complexity="1" crap="2" count="0"/>
      <line num="196" type="stmt" count="0"/>
      <line num="198" type="stmt" count="0"/>
      <line num="201" type="method" name="getFilename" visibility="public" complexity="1" crap="2" count="0"/>
      <line num="203" type="stmt" count="0"/>
      <line num="206" type="method" name="setFilename" visibility="public" complexity="1" crap="2" count="0"/>
      <line num="208" type="stmt" count="0"/>
      <line num="210" type="stmt" count="0"/>
      <line num="213" type="method" name="getBase64" visibility="public" complexity="1" crap="2" count="0"/>
      <line num="215" type="stmt" count="0"/>
      <line num="218" type="method" name="setBase64" visibility="public" complexity="1" crap="2" count="0"/>
      <line num="220" type="stmt" count="0"/>
      <line num="222" type="stmt" count="0"/>
      <metrics loc="224" ncloc="98" classes="1" methods="12" coveredmethods="0" conditionals="0" coveredconditionals="0" statements="18" coveredstatements="0" elements="30" coveredelements="0"/>
    </file>
    <file name="/srv/api/src/Entity/Student.php">
      <class name="App\Entity\Student" namespace="global">
        <metrics complexity="38" methods="38" coveredmethods="0" conditionals="0" coveredconditionals="0" statements="57" coveredstatements="0" elements="95" coveredelements="0"/>
      </class>
      <line num="330" type="method" name="getId" visibility="public" complexity="1" crap="2" count="0"/>
      <line num="332" type="stmt" count="0"/>
      <line num="335" type="method" name="setId" visibility="public" complexity="1" crap="2" count="0"/>
      <line num="337" type="stmt" count="0"/>
      <line num="339" type="stmt" count="0"/>
      <line num="342" type="method" name="getRegistrar" visibility="public" complexity="1" crap="2" count="0"/>
      <line num="344" type="stmt" count="0"/>
      <line num="347" type="method" name="setRegistrar" visibility="public" complexity="1" crap="2" count="0"/>
      <line num="349" type="stmt" count="0"/>
      <line num="351" type="stmt" count="0"/>
      <line num="354" type="method" name="getCivicIntegrationDetails" visibility="public" complexity="1" crap="2" count="0"/>
      <line num="356" type="stmt" count="0"/>
      <line num="359" type="method" name="setCivicIntegrationDetails" visibility="public" complexity="1" crap="2" count="0"/>
      <line num="361" type="stmt" count="0"/>
      <line num="363" type="stmt" count="0"/>
      <line num="366" type="method" name="getPerson" visibility="public" complexity="1" crap="2" count="0"/>
      <line num="368" type="stmt" count="0"/>
      <line num="371" type="method" name="setPerson" visibility="public" complexity="1" crap="2" count="0"/>
      <line num="373" type="stmt" count="0"/>
      <line num="375" type="stmt" count="0"/>
      <line num="378" type="method" name="getGeneralDetails" visibility="public" complexity="1" crap="2" count="0"/>
      <line num="380" type="stmt" count="0"/>
      <line num="383" type="method" name="setGeneralDetails" visibility="public" complexity="1" crap="2" count="0"/>
      <line num="385" type="stmt" count="0"/>
      <line num="387" type="stmt" count="0"/>
      <line num="390" type="method" name="getReferrerDetails" visibility="public" complexity="1" crap="2" count="0"/>
      <line num="392" type="stmt" count="0"/>
      <line num="395" type="method" name="setReferrerDetails" visibility="public" complexity="1" crap="2" count="0"/>
      <line num="397" type="stmt" count="0"/>
      <line num="399" type="stmt" count="0"/>
      <line num="402" type="method" name="getBackgroundDetails" visibility="public" complexity="1" crap="2" count="0"/>
      <line num="404" type="stmt" count="0"/>
      <line num="407" type="method" name="setBackgroundDetails" visibility="public" complexity="1" crap="2" count="0"/>
      <line num="409" type="stmt" count="0"/>
      <line num="411" type="stmt" count="0"/>
      <line num="414" type="method" name="getDutchNTDetails" visibility="public" complexity="1" crap="2" count="0"/>
      <line num="416" type="stmt" count="0"/>
      <line num="419" type="method" name="setDutchNTDetails" visibility="public" complexity="1" crap="2" count="0"/>
      <line num="421" type="stmt" count="0"/>
      <line num="423" type="stmt" count="0"/>
      <line num="426" type="method" name="getSpeakingLevel" visibility="public" complexity="1" crap="2" count="0"/>
      <line num="428" type="stmt" count="0"/>
      <line num="431" type="method" name="setSpeakingLevel" visibility="public" complexity="1" crap="2" count="0"/>
      <line num="433" type="stmt" count="0"/>
      <line num="435" type="stmt" count="0"/>
      <line num="438" type="method" name="getEducationDetails" visibility="public" complexity="1" crap="2" count="0"/>
      <line num="440" type="stmt" count="0"/>
      <line num="443" type="method" name="setEducationDetails" visibility="public" complexity="1" crap="2" count="0"/>
      <line num="445" type="stmt" count="0"/>
      <line num="447" type="stmt" count="0"/>
      <line num="450" type="method" name="getCourseDetails" visibility="public" complexity="1" crap="2" count="0"/>
      <line num="452" type="stmt" count="0"/>
      <line num="455" type="method" name="setCourseDetails" visibility="public" complexity="1" crap="2" count="0"/>
      <line num="457" type="stmt" count="0"/>
      <line num="459" type="stmt" count="0"/>
      <line num="462" type="method" name="getJobDetails" visibility="public" complexity="1" crap="2" count="0"/>
      <line num="464" type="stmt" count="0"/>
      <line num="467" type="method" name="setJobDetails" visibility="public" complexity="1" crap="2" count="0"/>
      <line num="469" type="stmt" count="0"/>
      <line num="471" type="stmt" count="0"/>
      <line num="474" type="method" name="getMotivationDetails" visibility="public" complexity="1" crap="2" count="0"/>
      <line num="476" type="stmt" count="0"/>
      <line num="479" type="method" name="setMotivationDetails" visibility="public" complexity="1" crap="2" count="0"/>
      <line num="481" type="stmt" count="0"/>
      <line num="483" type="stmt" count="0"/>
      <line num="486" type="method" name="getAvailabilityDetails" visibility="public" complexity="1" crap="2" count="0"/>
      <line num="488" type="stmt" count="0"/>
      <line num="491" type="method" name="setAvailabilityDetails" visibility="public" complexity="1" crap="2" count="0"/>
      <line num="493" type="stmt" count="0"/>
      <line num="495" type="stmt" count="0"/>
      <line num="498" type="method" name="getReadingTestResult" visibility="public" complexity="1" crap="2" count="0"/>
      <line num="500" type="stmt" count="0"/>
      <line num="503" type="method" name="setReadingTestResult" visibility="public" complexity="1" crap="2" count="0"/>
      <line num="505" type="stmt" count="0"/>
      <line num="507" type="stmt" count="0"/>
      <line num="510" type="method" name="getWritingTestResult" visibility="public" complexity="1" crap="2" count="0"/>
      <line num="512" type="stmt" count="0"/>
      <line num="515" type="method" name="setWritingTestResult" visibility="public" complexity="1" crap="2" count="0"/>
      <line num="517" type="stmt" count="0"/>
      <line num="519" type="stmt" count="0"/>
      <line num="522" type="method" name="getPermissionDetails" visibility="public" complexity="1" crap="2" count="0"/>
      <line num="524" type="stmt" count="0"/>
      <line num="527" type="method" name="setPermissionDetails" visibility="public" complexity="1" crap="2" count="0"/>
      <line num="529" type="stmt" count="0"/>
      <line num="531" type="stmt" count="0"/>
      <line num="534" type="method" name="getLanguageHouseId" visibility="public" complexity="1" crap="2" count="0"/>
      <line num="536" type="stmt" count="0"/>
      <line num="539" type="method" name="setLanguageHouseId" visibility="public" complexity="1" crap="2" count="0"/>
      <line num="541" type="stmt" count="0"/>
      <line num="543" type="stmt" count="0"/>
      <line num="546" type="method" name="getStatus" visibility="public" complexity="1" crap="2" count="0"/>
      <line num="548" type="stmt" count="0"/>
      <line num="551" type="method" name="setStatus" visibility="public" complexity="1" crap="2" count="0"/>
      <line num="553" type="stmt" count="0"/>
      <line num="555" type="stmt" count="0"/>
      <metrics loc="557" ncloc="285" classes="1" methods="38" coveredmethods="0" conditionals="0" coveredconditionals="0" statements="57" coveredstatements="0" elements="95" coveredelements="0"/>
    </file>
    <file name="/srv/api/src/Entity/StudentAvailability.php">
      <class name="App\Entity\StudentAvailability" namespace="global">
        <metrics complexity="6" methods="6" coveredmethods="0" conditionals="0" coveredconditionals="0" statements="9" coveredstatements="0" elements="15" coveredelements="0"/>
      </class>
      <line num="70" type="method" name="getId" visibility="public" complexity="1" crap="2" count="0"/>
      <line num="72" type="stmt" count="0"/>
      <line num="75" type="method" name="setId" visibility="public" complexity="1" crap="2" count="0"/>
      <line num="77" type="stmt" count="0"/>
      <line num="79" type="stmt" count="0"/>
      <line num="82" type="method" name="getAvailability" visibility="public" complexity="1" crap="2" count="0"/>
      <line num="84" type="stmt" count="0"/>
      <line num="87" type="method" name="setAvailability" visibility="public" complexity="1" crap="2" count="0"/>
      <line num="89" type="stmt" count="0"/>
      <line num="91" type="stmt" count="0"/>
      <line num="94" type="method" name="getAvailabilityNotes" visibility="public" complexity="1" crap="2" count="0"/>
      <line num="96" type="stmt" count="0"/>
      <line num="99" type="method" name="setAvailabilityNotes" visibility="public" complexity="1" crap="2" count="0"/>
      <line num="101" type="stmt" count="0"/>
      <line num="103" type="stmt" count="0"/>
      <metrics loc="105" ncloc="59" classes="1" methods="6" coveredmethods="0" conditionals="0" coveredconditionals="0" statements="9" coveredstatements="0" elements="15" coveredelements="0"/>
    </file>
    <file name="/srv/api/src/Entity/StudentBackground.php">
      <class name="App\Entity\StudentBackground" namespace="global">
        <metrics complexity="16" methods="16" coveredmethods="0" conditionals="0" coveredconditionals="0" statements="24" coveredstatements="0" elements="40" coveredelements="0"/>
      </class>
      <line num="149" type="method" name="getId" visibility="public" complexity="1" crap="2" count="0"/>
      <line num="151" type="stmt" count="0"/>
      <line num="154" type="method" name="setId" visibility="public" complexity="1" crap="2" count="0"/>
      <line num="156" type="stmt" count="0"/>
      <line num="158" type="stmt" count="0"/>
      <line num="161" type="method" name="getFoundVia" visibility="public" complexity="1" crap="2" count="0"/>
      <line num="163" type="stmt" count="0"/>
      <line num="166" type="method" name="setFoundVia" visibility="public" complexity="1" crap="2" count="0"/>
      <line num="168" type="stmt" count="0"/>
      <line num="170" type="stmt" count="0"/>
      <line num="173" type="method" name="getFoundViaOther" visibility="public" complexity="1" crap="2" count="0"/>
      <line num="175" type="stmt" count="0"/>
      <line num="178" type="method" name="setFoundViaOther" visibility="public" complexity="1" crap="2" count="0"/>
      <line num="180" type="stmt" count="0"/>
      <line num="182" type="stmt" count="0"/>
      <line num="185" type="method" name="getWentToLanguageHouseBefore" visibility="public" complexity="1" crap="2" count="0"/>
      <line num="187" type="stmt" count="0"/>
      <line num="190" type="method" name="setWentToLanguageHouseBefore" visibility="public" complexity="1" crap="2" count="0"/>
      <line num="192" type="stmt" count="0"/>
      <line num="194" type="stmt" count="0"/>
      <line num="197" type="method" name="getWentToLanguageHouseBeforeReason" visibility="public" complexity="1" crap="2" count="0"/>
      <line num="199" type="stmt" count="0"/>
      <line num="202" type="method" name="setWentToLanguageHouseBeforeReason" visibility="public" complexity="1" crap="2" count="0"/>
      <line num="204" type="stmt" count="0"/>
      <line num="206" type="stmt" count="0"/>
      <line num="209" type="method" name="getWentToLanguageHouseBeforeYear" visibility="public" complexity="1" crap="2" count="0"/>
      <line num="211" type="stmt" count="0"/>
      <line num="214" type="method" name="setWentToLanguageHouseBeforeYear" visibility="public" complexity="1" crap="2" count="0"/>
      <line num="216" type="stmt" count="0"/>
      <line num="218" type="stmt" count="0"/>
      <line num="221" type="method" name="getNetwork" visibility="public" complexity="1" crap="2" count="0"/>
      <line num="223" type="stmt" count="0"/>
      <line num="226" type="method" name="setNetwork" visibility="public" complexity="1" crap="2" count="0"/>
      <line num="228" type="stmt" count="0"/>
      <line num="230" type="stmt" count="0"/>
      <line num="233" type="method" name="getParticipationLadder" visibility="public" complexity="1" crap="2" count="0"/>
      <line num="235" type="stmt" count="0"/>
      <line num="238" type="method" name="setParticipationLadder" visibility="public" complexity="1" crap="2" count="0"/>
      <line num="240" type="stmt" count="0"/>
      <line num="242" type="stmt" count="0"/>
      <metrics loc="244" ncloc="127" classes="1" methods="16" coveredmethods="0" conditionals="0" coveredconditionals="0" statements="24" coveredstatements="0" elements="40" coveredelements="0"/>
    </file>
    <file name="/srv/api/src/Entity/StudentCivicIntegration.php">
      <class name="App\Entity\StudentCivicIntegration" namespace="global">
        <metrics complexity="8" methods="8" coveredmethods="0" conditionals="0" coveredconditionals="0" statements="12" coveredstatements="0" elements="20" coveredelements="0"/>
      </class>
      <line num="86" type="method" name="getId" visibility="public" complexity="1" crap="2" count="0"/>
      <line num="88" type="stmt" count="0"/>
      <line num="91" type="method" name="setId" visibility="public" complexity="1" crap="2" count="0"/>
      <line num="93" type="stmt" count="0"/>
      <line num="95" type="stmt" count="0"/>
      <line num="98" type="method" name="getCivicIntegrationRequirement" visibility="public" complexity="1" crap="2" count="0"/>
      <line num="100" type="stmt" count="0"/>
      <line num="103" type="method" name="setCivicIntegrationRequirement" visibility="public" complexity="1" crap="2" count="0"/>
      <line num="105" type="stmt" count="0"/>
      <line num="107" type="stmt" count="0"/>
      <line num="110" type="method" name="getCivicIntegrationRequirementReason" visibility="public" complexity="1" crap="2" count="0"/>
      <line num="112" type="stmt" count="0"/>
      <line num="115" type="method" name="setCivicIntegrationRequirementReason" visibility="public" complexity="1" crap="2" count="0"/>
      <line num="117" type="stmt" count="0"/>
      <line num="119" type="stmt" count="0"/>
      <line num="122" type="method" name="getCivicIntegrationRequirementFinishDate" visibility="public" complexity="1" crap="2" count="0"/>
      <line num="124" type="stmt" count="0"/>
      <line num="127" type="method" name="setCivicIntegrationRequirementFinishDate" visibility="public" complexity="1" crap="2" count="0"/>
      <line num="129" type="stmt" count="0"/>
      <line num="131" type="stmt" count="0"/>
      <metrics loc="133" ncloc="72" classes="1" methods="8" coveredmethods="0" conditionals="0" coveredconditionals="0" statements="12" coveredstatements="0" elements="20" coveredelements="0"/>
    </file>
    <file name="/srv/api/src/Entity/StudentCourse.php">
      <class name="App\Entity\StudentCourse" namespace="global">
        <metrics complexity="6" methods="6" coveredmethods="0" conditionals="0" coveredconditionals="0" statements="9" coveredstatements="0" elements="15" coveredelements="0"/>
      </class>
      <line num="62" type="method" name="getId" visibility="public" complexity="1" crap="2" count="0"/>
      <line num="64" type="stmt" count="0"/>
      <line num="67" type="method" name="setId" visibility="public" complexity="1" crap="2" count="0"/>
      <line num="69" type="stmt" count="0"/>
      <line num="71" type="stmt" count="0"/>
      <line num="74" type="method" name="getIsFollowingCourseRightNow" visibility="public" complexity="1" crap="2" count="0"/>
      <line num="76" type="stmt" count="0"/>
      <line num="79" type="method" name="setIsFollowingCourseRightNow" visibility="public" complexity="1" crap="2" count="0"/>
      <line num="81" type="stmt" count="0"/>
      <line num="83" type="stmt" count="0"/>
      <line num="86" type="method" name="getCourse" visibility="public" complexity="1" crap="2" count="0"/>
      <line num="88" type="stmt" count="0"/>
      <line num="91" type="method" name="setCourse" visibility="public" complexity="1" crap="2" count="0"/>
      <line num="93" type="stmt" count="0"/>
      <line num="95" type="stmt" count="0"/>
      <metrics loc="97" ncloc="58" classes="1" methods="6" coveredmethods="0" conditionals="0" coveredconditionals="0" statements="9" coveredstatements="0" elements="15" coveredelements="0"/>
    </file>
    <file name="/srv/api/src/Entity/StudentDossierEvent.php">
      <class name="App\Entity\StudentDossierEvent" namespace="global">
        <metrics complexity="12" methods="12" coveredmethods="0" conditionals="0" coveredconditionals="0" statements="18" coveredstatements="0" elements="30" coveredelements="0"/>
      </class>
      <line num="130" type="method" name="getId" visibility="public" complexity="1" crap="2" count="0"/>
      <line num="132" type="stmt" count="0"/>
      <line num="135" type="method" name="setId" visibility="public" complexity="1" crap="2" count="0"/>
      <line num="137" type="stmt" count="0"/>
      <line num="139" type="stmt" count="0"/>
      <line num="142" type="method" name="getEvent" visibility="public" complexity="1" crap="2" count="0"/>
      <line num="144" type="stmt" count="0"/>
      <line num="147" type="method" name="setEvent" visibility="public" complexity="1" crap="2" count="0"/>
      <line num="149" type="stmt" count="0"/>
      <line num="151" type="stmt" count="0"/>
      <line num="154" type="method" name="getEventDate" visibility="public" complexity="1" crap="2" count="0"/>
      <line num="156" type="stmt" count="0"/>
      <line num="159" type="method" name="setEventDate" visibility="public" complexity="1" crap="2" count="0"/>
      <line num="161" type="stmt" count="0"/>
      <line num="163" type="stmt" count="0"/>
      <line num="166" type="method" name="getEventDescription" visibility="public" complexity="1" crap="2" count="0"/>
      <line num="168" type="stmt" count="0"/>
      <line num="171" type="method" name="setEventDescription" visibility="public" complexity="1" crap="2" count="0"/>
      <line num="173" type="stmt" count="0"/>
      <line num="175" type="stmt" count="0"/>
      <line num="178" type="method" name="getStudentId" visibility="public" complexity="1" crap="2" count="0"/>
      <line num="180" type="stmt" count="0"/>
      <line num="183" type="method" name="setStudentId" visibility="public" complexity="1" crap="2" count="0"/>
      <line num="185" type="stmt" count="0"/>
      <line num="187" type="stmt" count="0"/>
      <line num="190" type="method" name="getEmployeeId" visibility="public" complexity="1" crap="2" count="0"/>
      <line num="192" type="stmt" count="0"/>
[...]
      <line num="184" type="stmt" count="0"/>
      <line num="185" type="stmt" count="0"/>
      <line num="186" type="stmt" count="0"/>
      <line num="187" type="stmt" count="0"/>
      <line num="189" type="stmt" count="0"/>
      <line num="190" type="stmt" count="0"/>
      <line num="194" type="stmt" count="0"/>
      <metrics loc="196" ncloc="155" classes="1" methods="7" coveredmethods="0" conditionals="0" coveredconditionals="0" statements="61" coveredstatements="0" elements="68" coveredelements="0"/>
    </file>
    <file name="/srv/api/src/Subscriber/StudentSubscriber.php">
      <class name="App\Subscriber\StudentSubscriber" namespace="global">
        <metrics complexity="13" methods="5" coveredmethods="0" conditionals="0" coveredconditionals="0" statements="44" coveredstatements="0" elements="49" coveredelements="0"/>
      </class>
      <line num="40" type="method" name="__construct" visibility="public" complexity="1" crap="2" count="0"/>
      <line num="42" type="stmt" count="0"/>
      <line num="43" type="stmt" count="0"/>
      <line num="44" type="stmt" count="0"/>
      <line num="45" type="stmt" count="0"/>
      <line num="46" type="stmt" count="0"/>
      <line num="47" type="stmt" count="0"/>
      <line num="49" type="stmt" count="0"/>
      <line num="54" type="method" name="getSubscribedEvents" visibility="public" complexity="1" crap="2" count="0"/>
      <line num="57" type="stmt" count="0"/>
      <line num="66" type="method" name="student" visibility="public" complexity="6" crap="42" count="0"/>
      <line num="68" type="stmt" count="0"/>
      <line num="73" type="stmt" count="0"/>
      <line num="74" type="stmt" count="0"/>
      <line num="75" type="stmt" count="0"/>
      <line num="76" type="stmt" count="0"/>
      <line num="77" type="stmt" count="0"/>
      <line num="78" type="stmt" count="0"/>
      <line num="79" type="stmt" count="0"/>
      <line num="80" type="stmt" count="0"/>
      <line num="82" type="stmt" count="0"/>
      <line num="85" type="stmt" count="0"/>
      <line num="86" type="stmt" count="0"/>
      <line num="88" type="stmt" count="0"/>
      <line num="90" type="stmt" count="0"/>
      <line num="91" type="stmt" count="0"/>
      <line num="92" type="stmt" count="0"/>
      <line num="94" type="stmt" count="0"/>
      <line num="103" type="method" name="createStudent" visibility="private" complexity="3" crap="12" count="0"/>
      <line num="105" type="stmt" count="0"/>
      <line num="106" type="stmt" count="0"/>
      <line num="107" type="stmt" count="0"/>
      <line num="108" type="stmt" count="0"/>
      <line num="111" type="stmt" count="0"/>
      <line num="112" type="stmt" count="0"/>
      <line num="115" type="stmt" count="0"/>
      <line num="116" type="stmt" count="0"/>
      <line num="117" type="stmt" count="0"/>
      <line num="120" type="stmt" count="0"/>
      <line num="130" type="method" name="getStudents" visibility="private" complexity="2" crap="6" count="0"/>
      <line num="132" type="stmt" count="0"/>
      <line num="134" type="stmt" count="0"/>
      <line num="135" type="stmt" count="0"/>
      <line num="136" type="stmt" count="0"/>
      <line num="140" type="stmt" count="0"/>
      <line num="141" type="stmt" count="0"/>
      <line num="142" type="stmt" count="0"/>
      <line num="143" type="stmt" count="0"/>
      <line num="144" type="stmt" count="0"/>
      <metrics loc="147" ncloc="118" classes="1" methods="5" coveredmethods="0" conditionals="0" coveredconditionals="0" statements="44" coveredstatements="0" elements="49" coveredelements="0"/>
    </file>
    <file name="/srv/api/src/Subscriber/TestResultItemSubscriber.php">
      <class name="App\Subscriber\TestResultItemSubscriber" namespace="global">
        <metrics complexity="14" methods="4" coveredmethods="0" conditionals="0" coveredconditionals="0" statements="38" coveredstatements="0" elements="42" coveredelements="0"/>
      </class>
      <line num="31" type="method" name="__construct" visibility="public" complexity="1" crap="2" count="0"/>
      <line num="33" type="stmt" count="0"/>
      <line num="34" type="stmt" count="0"/>
      <line num="35" type="stmt" count="0"/>
      <line num="36" type="stmt" count="0"/>
      <line num="37" type="stmt" count="0"/>
      <line num="42" type="method" name="getSubscribedEvents" visibility="public" complexity="1" crap="2" count="0"/>
      <line num="45" type="stmt" count="0"/>
      <line num="54" type="method" name="testResult" visibility="public" complexity="7" crap="56" count="0"/>
      <line num="56" type="stmt" count="0"/>
      <line num="57" type="stmt" count="0"/>
      <line num="59" type="stmt" count="0"/>
      <line num="62" type="stmt" count="0"/>
      <line num="63" type="stmt" count="0"/>
      <line num="64" type="stmt" count="0"/>
      <line num="65" type="stmt" count="0"/>
      <line num="66" type="stmt" count="0"/>
      <line num="67" type="stmt" count="0"/>
      <line num="68" type="stmt" count="0"/>
      <line num="69" type="stmt" count="0"/>
      <line num="70" type="stmt" count="0"/>
      <line num="71" type="stmt" count="0"/>
      <line num="72" type="stmt" count="0"/>
      <line num="74" type="stmt" count="0"/>
      <line num="77" type="stmt" count="0"/>
      <line num="78" type="stmt" count="0"/>
      <line num="80" type="stmt" count="0"/>
      <line num="82" type="stmt" count="0"/>
      <line num="83" type="stmt" count="0"/>
      <line num="85" type="method" name="getTestResult" visibility="public" complexity="5" crap="30" count="0"/>
      <line num="87" type="stmt" count="0"/>
      <line num="88" type="stmt" count="0"/>
      <line num="89" type="stmt" count="0"/>
      <line num="90" type="stmt" count="0"/>
      <line num="91" type="stmt" count="0"/>
      <line num="93" type="stmt" count="0"/>
      <line num="95" type="stmt" count="0"/>
      <line num="96" type="stmt" count="0"/>
      <line num="97" type="stmt" count="0"/>
      <line num="98" type="stmt" count="0"/>
      <line num="100" type="stmt" count="0"/>
      <line num="104" type="stmt" count="0"/>
      <metrics loc="106" ncloc="92" classes="1" methods="4" coveredmethods="0" conditionals="0" coveredconditionals="0" statements="38" coveredstatements="0" elements="42" coveredelements="0"/>
    </file>
    <file name="/srv/api/src/Subscriber/TestResultSubscriber.php">
      <class name="App\Subscriber\TestResultSubscriber" namespace="global">
        <metrics complexity="24" methods="5" coveredmethods="0" conditionals="0" coveredconditionals="0" statements="45" coveredstatements="0" elements="50" coveredelements="0"/>
      </class>
      <line num="27" type="method" name="__construct" visibility="public" complexity="1" crap="2" count="0"/>
      <line num="29" type="stmt" count="0"/>
      <line num="30" type="stmt" count="0"/>
      <line num="31" type="stmt" count="0"/>
      <line num="32" type="stmt" count="0"/>
      <line num="33" type="stmt" count="0"/>
      <line num="34" type="stmt" count="0"/>
      <line num="36" type="method" name="getSubscribedEvents" visibility="public" complexity="1" crap="2" count="0"/>
      <line num="39" type="stmt" count="0"/>
      <line num="43" type="method" name="testResult" visibility="public" complexity="5" crap="30" count="0"/>
      <line num="45" type="stmt" count="0"/>
      <line num="46" type="stmt" count="0"/>
      <line num="49" type="stmt" count="0"/>
      <line num="50" type="stmt" count="0"/>
      <line num="51" type="stmt" count="0"/>
      <line num="52" type="stmt" count="0"/>
      <line num="54" type="stmt" count="0"/>
      <line num="57" type="stmt" count="0"/>
      <line num="58" type="stmt" count="0"/>
      <line num="60" type="stmt" count="0"/>
      <line num="61" type="stmt" count="0"/>
      <line num="62" type="stmt" count="0"/>
      <line num="122" type="stmt" count="0"/>
      <line num="124" type="method" name="checkDtoValues" visibility="private" complexity="12" crap="156" count="0"/>
      <line num="126" type="stmt" count="0"/>
      <line num="127" type="stmt" count="0"/>
      <line num="128" type="stmt" count="0"/>
      <line num="129" type="stmt" count="0"/>
      <line num="130" type="stmt" count="0"/>
      <line num="131" type="stmt" count="0"/>
      <line num="132" type="stmt" count="0"/>
      <line num="133" type="stmt" count="0"/>
      <line num="134" type="stmt" count="0"/>
      <line num="135" type="stmt" count="0"/>
      <line num="136" type="stmt" count="0"/>
      <line num="139" type="stmt" count="0"/>
      <line num="142" type="method" name="dtoToParticipation" visibility="private" complexity="5" crap="30" count="0"/>
      <line num="145" type="stmt" count="0"/>
      <line num="146" type="stmt" count="0"/>
      <line num="147" type="stmt" count="0"/>
      <line num="148" type="stmt" count="0"/>
      <line num="150" type="stmt" count="0"/>
      <line num="151" type="stmt" count="0"/>
      <line num="152" type="stmt" count="0"/>
      <line num="154" type="stmt" count="0"/>
      <line num="155" type="stmt" count="0"/>
      <line num="156" type="stmt" count="0"/>
      <line num="158" type="stmt" count="0"/>
      <line num="159" type="stmt" count="0"/>
      <line num="162" type="stmt" count="0"/>
      <metrics loc="164" ncloc="106" classes="1" methods="5" coveredmethods="0" conditionals="0" coveredconditionals="0" statements="45" coveredstatements="0" elements="50" coveredelements="0"/>
    </file>
    <file name="/srv/api/src/Subscriber/UserItemSubscriber.php">
      <class name="App\Subscriber\UserItemSubscriber" namespace="global">
        <metrics complexity="15" methods="6" coveredmethods="0" conditionals="0" coveredconditionals="0" statements="48" coveredstatements="0" elements="54" coveredelements="0"/>
      </class>
      <line num="29" type="method" name="__construct" visibility="public" complexity="1" crap="2" count="0"/>
      <line num="31" type="stmt" count="0"/>
      <line num="32" type="stmt" count="0"/>
      <line num="33" type="stmt" count="0"/>
      <line num="34" type="stmt" count="0"/>
      <line num="39" type="method" name="getSubscribedEvents" visibility="public" complexity="1" crap="2" count="0"/>
      <line num="42" type="stmt" count="0"/>
      <line num="51" type="method" name="user" visibility="public" complexity="6" crap="42" count="0"/>
      <line num="53" type="stmt" count="0"/>
      <line num="54" type="stmt" count="0"/>
      <line num="56" type="stmt" count="0"/>
      <line num="59" type="stmt" count="0"/>
      <line num="60" type="stmt" count="0"/>
      <line num="61" type="stmt" count="0"/>
      <line num="62" type="stmt" count="0"/>
      <line num="63" type="stmt" count="0"/>
      <line num="64" type="stmt" count="0"/>
      <line num="65" type="stmt" count="0"/>
      <line num="67" type="stmt" count="0"/>
      <line num="70" type="stmt" count="0"/>
      <line num="71" type="stmt" count="0"/>
      <line num="73" type="stmt" count="0"/>
      <line num="75" type="stmt" count="0"/>
      <line num="76" type="stmt" count="0"/>
      <line num="85" type="method" name="getUser" visibility="private" complexity="2" crap="6" count="0"/>
      <line num="87" type="stmt" count="0"/>
      <line num="88" type="stmt" count="0"/>
      <line num="89" type="stmt" count="0"/>
      <line num="92" type="stmt" count="0"/>
      <line num="100" type="method" name="deleteUser" visibility="private" complexity="3" crap="12" count="0"/>
      <line num="102" type="stmt" count="0"/>
      <line num="103" type="stmt" count="0"/>
      <line num="104" type="stmt" count="0"/>
      <line num="108" type="stmt" count="0"/>
      <line num="110" type="stmt" count="0"/>
      <line num="111" type="stmt" count="0"/>
      <line num="112" type="stmt" count="0"/>
      <line num="113" type="stmt" count="0"/>
      <line num="114" type="stmt" count="0"/>
      <line num="115" type="stmt" count="0"/>
      <line num="116" type="stmt" count="0"/>
      <line num="118" type="stmt" count="0"/>
      <line num="119" type="stmt" count="0"/>
      <line num="129" type="method" name="checkIfUserExists" visibility="private" complexity="2" crap="6" count="0"/>
      <line num="131" type="stmt" count="0"/>
      <line num="132" type="stmt" count="0"/>
      <line num="133" type="stmt" count="0"/>
      <line num="134" type="stmt" count="0"/>
      <line num="135" type="stmt" count="0"/>
      <line num="136" type="stmt" count="0"/>
      <line num="137" type="stmt" count="0"/>
      <line num="139" type="stmt" count="0"/>
      <line num="140" type="stmt" count="0"/>
      <line num="144" type="stmt" count="0"/>
      <metrics loc="146" ncloc="115" classes="1" methods="6" coveredmethods="0" conditionals="0" coveredconditionals="0" statements="48" coveredstatements="0" elements="54" coveredelements="0"/>
    </file>
    <file name="/srv/api/src/Subscriber/UserSubscriber.php">
      <class name="App\Subscriber\UserSubscriber" namespace="global">
        <metrics complexity="28" methods="10" coveredmethods="0" conditionals="0" coveredconditionals="0" statements="113" coveredstatements="0" elements="123" coveredelements="0"/>
      </class>
      <line num="42" type="method" name="__construct" visibility="public" complexity="1" crap="2" count="0"/>
      <line num="44" type="stmt" count="0"/>
      <line num="45" type="stmt" count="0"/>
      <line num="46" type="stmt" count="0"/>
      <line num="47" type="stmt" count="0"/>
      <line num="48" type="stmt" count="0"/>
      <line num="49" type="stmt" count="0"/>
      <line num="50" type="stmt" count="0"/>
      <line num="51" type="stmt" count="0"/>
      <line num="52" type="stmt" count="0"/>
      <line num="57" type="method" name="getSubscribedEvents" visibility="public" complexity="1" crap="2" count="0"/>
      <line num="60" type="stmt" count="0"/>
      <line num="69" type="method" name="user" visibility="public" complexity="11" crap="132" count="0"/>
      <line num="71" type="stmt" count="0"/>
      <line num="72" type="stmt" count="0"/>
      <line num="73" type="stmt" count="0"/>
      <line num="74" type="stmt" count="0"/>
      <line num="77" type="stmt" count="0"/>
      <line num="78" type="stmt" count="0"/>
      <line num="79" type="stmt" count="0"/>
      <line num="80" type="stmt" count="0"/>
      <line num="81" type="stmt" count="0"/>
      <line num="82" type="stmt" count="0"/>
      <line num="83" type="stmt" count="0"/>
      <line num="84" type="stmt" count="0"/>
      <line num="85" type="stmt" count="0"/>
      <line num="86" type="stmt" count="0"/>
      <line num="87" type="stmt" count="0"/>
      <line num="88" type="stmt" count="0"/>
      <line num="89" type="stmt" count="0"/>
      <line num="90" type="stmt" count="0"/>
      <line num="91" type="stmt" count="0"/>
      <line num="92" type="stmt" count="0"/>
      <line num="93" type="stmt" count="0"/>
      <line num="94" type="stmt" count="0"/>
      <line num="95" type="stmt" count="0"/>
      <line num="96" type="stmt" count="0"/>
      <line num="97" type="stmt" count="0"/>
      <line num="98" type="stmt" count="0"/>
      <line num="99" type="stmt" count="0"/>
      <line num="100" type="stmt" count="0"/>
      <line num="101" type="stmt" count="0"/>
      <line num="102" type="stmt" count="0"/>
      <line num="103" type="stmt" count="0"/>
      <line num="105" type="stmt" count="0"/>
      <line num="108" type="stmt" count="0"/>
      <line num="109" type="stmt" count="0"/>
      <line num="111" type="stmt" count="0"/>
      <line num="113" type="stmt" count="0"/>
      <line num="114" type="stmt" count="0"/>
      <line num="115" type="stmt" count="0"/>
      <line num="117" type="stmt" count="0"/>
      <line num="126" type="method" name="login" visibility="private" complexity="2" crap="6" count="0"/>
      <line num="128" type="stmt" count="0"/>
      <line num="129" type="stmt" count="0"/>
      <line num="130" type="stmt" count="0"/>
      <line num="131" type="stmt" count="0"/>
      <line num="133" type="stmt" count="0"/>
      <line num="134" type="stmt" count="0"/>
      <line num="136" type="stmt" count="0"/>
      <line num="148" type="method" name="logout" visibility="private" complexity="2" crap="6" count="0"/>
      <line num="150" type="stmt" count="0"/>
      <line num="151" type="stmt" count="0"/>
      <line num="154" type="stmt" count="0"/>
      <line num="164" type="method" name="requestPasswordReset" visibility="private" complexity="1" crap="2" count="0"/>
      <line num="166" type="stmt" count="0"/>
      <line num="167" type="stmt" count="0"/>
      <line num="169" type="stmt" count="0"/>
      <line num="170" type="stmt" count="0"/>
      <line num="172" type="stmt" count="0"/>
      <line num="184" type="method" name="resetPassword" visibility="private" complexity="3" crap="12" count="0"/>
      <line num="186" type="stmt" count="0"/>
      <line num="187" type="stmt" count="0"/>
      <line num="188" type="stmt" count="0"/>
      <line num="189" type="stmt" count="0"/>
      <line num="190" type="stmt" count="0"/>
      <line num="191" type="stmt" count="0"/>
      <line num="193" type="stmt" count="0"/>
      <line num="194" type="stmt" count="0"/>
      <line num="198" type="stmt" count="0"/>
      <line num="199" type="stmt" count="0"/>
      <line num="201" type="stmt" count="0"/>
      <line num="204" type="stmt" count="0"/>
      <line num="205" type="stmt" count="0"/>
      <line num="206" type="stmt" count="0"/>
      <line num="209" type="stmt" count="0"/>
      <line num="210" type="stmt" count="0"/>
      <line num="219" type="method" name="createUser" visibility="private" complexity="3" crap="12" count="0"/>
      <line num="221" type="stmt" count="0"/>
      <line num="222" type="stmt" count="0"/>
      <line num="223" type="stmt" count="0"/>
      <line num="224" type="stmt" count="0"/>
      <line num="225" type="stmt" count="0"/>
      <line num="226" type="stmt" count="0"/>
      <line num="227" type="stmt" count="0"/>
      <line num="229" type="stmt" count="0"/>
      <line num="230" type="stmt" count="0"/>
      <line num="233" type="stmt" count="0"/>
      <line num="234" type="stmt" count="0"/>
      <line num="235" type="stmt" count="0"/>
      <line num="236" type="stmt" count="0"/>
      <line num="237" type="stmt" count="0"/>
      <line num="238" type="stmt" count="0"/>
      <line num="240" type="stmt" count="0"/>
      <line num="241" type="stmt" count="0"/>
      <line num="245" type="stmt" count="0"/>
      <line num="255" type="method" name="getCurrentUser" visibility="public" complexity="1" crap="2" count="0"/>
      <line num="257" type="stmt" count="0"/>
      <line num="258" type="stmt" count="0"/>
      <line num="260" type="stmt" count="0"/>
      <line num="270" type="method" name="getCurrentUserOrganization" visibility="public" complexity="3" crap="12" count="0"/>
      <line num="272" type="stmt" count="0"/>
      <line num="273" type="stmt" count="0"/>
      <line num="275" type="stmt" count="0"/>
      <line num="277" type="stmt" count="0"/>
      <line num="278" type="stmt" count="0"/>
      <line num="280" type="stmt" count="0"/>
      <line num="281" type="stmt" count="0"/>
      <line num="282" type="stmt" count="0"/>
      <line num="283" type="stmt" count="0"/>
      <line num="284" type="stmt" count="0"/>
      <line num="286" type="stmt" count="0"/>
      <line num="287" type="stmt" count="0"/>
      <metrics loc="291" ncloc="227" classes="1" methods="10" coveredmethods="0" conditionals="0" coveredconditionals="0" statements="113" coveredstatements="0" elements="123" coveredelements="0"/>
    </file>
    <metrics files="111" loc="22519" ncloc="13895" classes="111" methods="1023" coveredmethods="0" conditionals="0" coveredconditionals="0" statements="5137" coveredstatements="0" elements="6160" coveredelements="0"/>
  </project>
</coverage>
